{"level":"info","message":"✔️ Database connected","service":"user-service"}
{"level":"info","message":"✔️ Application listening on port 5000","service":"user-service"}
{"level":"info","message":"✔️ Database connected","service":"user-service"}
{"level":"info","message":"✔️ Application listening on port 5000","service":"user-service"}
{"level":"info","message":"✔️ Database connected","service":"user-service"}
{"level":"info","message":"✔️ Application listening on port 5000","service":"user-service"}
{"level":"info","message":"✔️ Database connected","service":"user-service"}
{"level":"info","message":"✔️ Application listening on port 5000","service":"user-service"}
{"level":"info","message":"✔️ Database connected","service":"user-service"}
{"level":"info","message":"✔️ Application listening on port 5000","service":"user-service"}
{"level":"info","message":"✔️ Database connected","service":"user-service"}
{"level":"info","message":"✔️ Application listening on port 5000","service":"user-service"}
{"level":"info","message":"✔️ Database connected","service":"user-service"}
{"level":"info","message":"✔️ Application listening on port 5000","service":"user-service"}
{"level":"info","message":"✔️ Database connected","service":"user-service"}
{"level":"info","message":"✔️ Application listening on port 5000","service":"user-service"}
{"level":"info","message":"✔️ Database connected","service":"user-service"}
{"level":"info","message":"✔️ Application listening on port 5000","service":"user-service"}
{"level":"info","message":"✔️ Database connected","service":"user-service"}
{"level":"info","message":"✔️ Application listening on port 5000","service":"user-service"}
{
  message: '✔️ Database connected',
  level: 'info',
  service: 'user-service',
  label: 'right meow!',
  timestamp: '2023-12-14T04:32:26.873Z'
}
{
  message: '✔️ Application listening on port 5000',
  level: 'info',
  service: 'user-service',
  label: 'right meow!',
  timestamp: '2023-12-14T04:32:26.895Z'
}
{
  message: '✔️ Database connected',
  level: 'info',
  service: 'user-service',
  label: 'right meow!',
  timestamp: '2023-12-14T04:32:47.846Z'
}
{
  message: '✔️ Application listening on port 5000',
  level: 'info',
  service: 'user-service',
  label: 'right meow!',
  timestamp: '2023-12-14T04:32:47.866Z'
}
{
  message: '✔️ Database connected',
  level: 'info',
  service: 'user-service',
  label: 'right meow!',
  timestamp: '2023-12-14T04:36:58.234Z'
}
{
  message: '✔️ Application listening on port 5000',
  level: 'info',
  service: 'user-service',
  label: 'right meow!',
  timestamp: '2023-12-14T04:36:58.247Z'
}
{
  message: '✔️ Database connected',
  level: 'info',
  service: 'user-service',
  label: 'University Management',
  timestamp: '2023-12-14T04:37:25.764Z'
}
{
  message: '✔️ Application listening on port 5000',
  level: 'info',
  service: 'user-service',
  label: 'University Management',
  timestamp: '2023-12-14T04:37:25.782Z'
}
{
  message: '✔️ Database connected',
  level: 'info',
  service: 'user-service',
  label: 'University Management',
  timestamp: '2023-12-14T04:37:38.577Z'
}
{
  message: '✔️ Application listening on port 5000',
  level: 'info',
  service: 'user-service',
  label: 'University Management',
  timestamp: '2023-12-14T04:37:38.596Z'
}
{
  message: '✔️ Database connected',
  level: 'info',
  service: 'user-service',
  label: 'University Management',
  timestamp: '2023-12-14T05:02:30.926Z'
}
{
  message: '✔️ Application listening on port 5000',
  level: 'info',
  service: 'user-service',
  label: 'University Management',
  timestamp: '2023-12-14T05:02:30.949Z'
}
